C:\USERS\MARO\DESKTOP\TALISMAN_GAME.GIT\TRUNK\DEBUG\TALISMAN_GAME.EXE
C:\USERS\MARO\DESKTOP\TALISMAN_GAME.GIT\TRUNK\DEBUG\TALISMAN_GAME.ILK
C:\USERS\MARO\DESKTOP\TALISMAN_GAME.GIT\TRUNK\DEBUG\TALISMAN_GAME.PDB
C:\USERS\MARO\DESKTOP\TALISMAN_GAME.GIT\TRUNK\TALISMAN_GAME\DEBUG\ADVENTURECARD.OBJ
C:\USERS\MARO\DESKTOP\TALISMAN_GAME.GIT\TRUNK\TALISMAN_GAME\DEBUG\APE.OBJ
C:\USERS\MARO\DESKTOP\TALISMAN_GAME.GIT\TRUNK\TALISMAN_GAME\DEBUG\AREA.OBJ
C:\USERS\MARO\DESKTOP\TALISMAN_GAME.GIT\TRUNK\TALISMAN_GAME\DEBUG\ASSASSIN.OBJ
C:\USERS\MARO\DESKTOP\TALISMAN_GAME.GIT\TRUNK\TALISMAN_GAME\DEBUG\AXE.OBJ
C:\USERS\MARO\DESKTOP\TALISMAN_GAME.GIT\TRUNK\TALISMAN_GAME\DEBUG\BANDIT.OBJ
C:\USERS\MARO\DESKTOP\TALISMAN_GAME.GIT\TRUNK\TALISMAN_GAME\DEBUG\BATTLEOBJECT.OBJ
C:\USERS\MARO\DESKTOP\TALISMAN_GAME.GIT\TRUNK\TALISMAN_GAME\DEBUG\BEAR.OBJ
C:\USERS\MARO\DESKTOP\TALISMAN_GAME.GIT\TRUNK\TALISMAN_GAME\DEBUG\BLACKKNIGHT.OBJ
C:\USERS\MARO\DESKTOP\TALISMAN_GAME.GIT\TRUNK\TALISMAN_GAME\DEBUG\CARD.OBJ
C:\USERS\MARO\DESKTOP\TALISMAN_GAME.GIT\TRUNK\TALISMAN_GAME\DEBUG\CASTLE.OBJ
C:\USERS\MARO\DESKTOP\TALISMAN_GAME.GIT\TRUNK\TALISMAN_GAME\DEBUG\CHANGE.OBJ
C:\USERS\MARO\DESKTOP\TALISMAN_GAME.GIT\TRUNK\TALISMAN_GAME\DEBUG\CHAPEL.OBJ
C:\USERS\MARO\DESKTOP\TALISMAN_GAME.GIT\TRUNK\TALISMAN_GAME\DEBUG\CHARACTER.OBJ
C:\USERS\MARO\DESKTOP\TALISMAN_GAME.GIT\TRUNK\TALISMAN_GAME\DEBUG\CHASM.OBJ
C:\USERS\MARO\DESKTOP\TALISMAN_GAME.GIT\TRUNK\TALISMAN_GAME\DEBUG\CITY.OBJ
C:\Users\Maro\Desktop\talisman_game.git\trunk\Talisman_Game\Debug\cl.command.1.tlog
C:\Users\Maro\Desktop\talisman_game.git\trunk\Talisman_Game\Debug\CL.read.1.tlog
C:\Users\Maro\Desktop\talisman_game.git\trunk\Talisman_Game\Debug\CL.write.1.tlog
C:\USERS\MARO\DESKTOP\TALISMAN_GAME.GIT\TRUNK\TALISMAN_GAME\DEBUG\CRAGS.OBJ
C:\USERS\MARO\DESKTOP\TALISMAN_GAME.GIT\TRUNK\TALISMAN_GAME\DEBUG\CRYPT.OBJ
C:\USERS\MARO\DESKTOP\TALISMAN_GAME.GIT\TRUNK\TALISMAN_GAME\DEBUG\CURSEDGLADE.OBJ
C:\USERS\MARO\DESKTOP\TALISMAN_GAME.GIT\TRUNK\TALISMAN_GAME\DEBUG\DECK.OBJ
C:\USERS\MARO\DESKTOP\TALISMAN_GAME.GIT\TRUNK\TALISMAN_GAME\DEBUG\DEMON.OBJ
C:\USERS\MARO\DESKTOP\TALISMAN_GAME.GIT\TRUNK\TALISMAN_GAME\DEBUG\DESERT.OBJ
C:\USERS\MARO\DESKTOP\TALISMAN_GAME.GIT\TRUNK\TALISMAN_GAME\DEBUG\DICEWITHDEATH.OBJ
C:\USERS\MARO\DESKTOP\TALISMAN_GAME.GIT\TRUNK\TALISMAN_GAME\DEBUG\DRAGON.OBJ
C:\USERS\MARO\DESKTOP\TALISMAN_GAME.GIT\TRUNK\TALISMAN_GAME\DEBUG\DRUID.OBJ
C:\USERS\MARO\DESKTOP\TALISMAN_GAME.GIT\TRUNK\TALISMAN_GAME\DEBUG\DWARF.OBJ
C:\USERS\MARO\DESKTOP\TALISMAN_GAME.GIT\TRUNK\TALISMAN_GAME\DEBUG\ELF.OBJ
C:\USERS\MARO\DESKTOP\TALISMAN_GAME.GIT\TRUNK\TALISMAN_GAME\DEBUG\ENEMY.OBJ
C:\USERS\MARO\DESKTOP\TALISMAN_GAME.GIT\TRUNK\TALISMAN_GAME\DEBUG\FIELDS.OBJ
C:\USERS\MARO\DESKTOP\TALISMAN_GAME.GIT\TRUNK\TALISMAN_GAME\DEBUG\FOREST.OBJ
C:\USERS\MARO\DESKTOP\TALISMAN_GAME.GIT\TRUNK\TALISMAN_GAME\DEBUG\GHOST.OBJ
C:\USERS\MARO\DESKTOP\TALISMAN_GAME.GIT\TRUNK\TALISMAN_GAME\DEBUG\GHOUL.OBJ
C:\USERS\MARO\DESKTOP\TALISMAN_GAME.GIT\TRUNK\TALISMAN_GAME\DEBUG\GIANT.OBJ
C:\USERS\MARO\DESKTOP\TALISMAN_GAME.GIT\TRUNK\TALISMAN_GAME\DEBUG\GOBLIN.OBJ
C:\USERS\MARO\DESKTOP\TALISMAN_GAME.GIT\TRUNK\TALISMAN_GAME\DEBUG\GRAVEYARD.OBJ
C:\USERS\MARO\DESKTOP\TALISMAN_GAME.GIT\TRUNK\TALISMAN_GAME\DEBUG\HELMET.OBJ
C:\USERS\MARO\DESKTOP\TALISMAN_GAME.GIT\TRUNK\TALISMAN_GAME\DEBUG\HIDDENVALLEY.OBJ
C:\USERS\MARO\DESKTOP\TALISMAN_GAME.GIT\TRUNK\TALISMAN_GAME\DEBUG\HILLS.OBJ
C:\USERS\MARO\DESKTOP\TALISMAN_GAME.GIT\TRUNK\TALISMAN_GAME\DEBUG\HOBGOBLIN.OBJ
C:\USERS\MARO\DESKTOP\TALISMAN_GAME.GIT\TRUNK\TALISMAN_GAME\DEBUG\LEMURE.OBJ
C:\Users\Maro\Desktop\talisman_game.git\trunk\Talisman_Game\Debug\link.command.1.tlog
C:\Users\Maro\Desktop\talisman_game.git\trunk\Talisman_Game\Debug\link.read.1.tlog
C:\Users\Maro\Desktop\talisman_game.git\trunk\Talisman_Game\Debug\link.write.1.tlog
C:\USERS\MARO\DESKTOP\TALISMAN_GAME.GIT\TRUNK\TALISMAN_GAME\DEBUG\LION.OBJ
C:\USERS\MARO\DESKTOP\TALISMAN_GAME.GIT\TRUNK\TALISMAN_GAME\DEBUG\MAIN.OBJ
C:\USERS\MARO\DESKTOP\TALISMAN_GAME.GIT\TRUNK\TALISMAN_GAME\DEBUG\MAP.OBJ
C:\USERS\MARO\DESKTOP\TALISMAN_GAME.GIT\TRUNK\TALISMAN_GAME\DEBUG\MINES.OBJ
C:\USERS\MARO\DESKTOP\TALISMAN_GAME.GIT\TRUNK\TALISMAN_GAME\DEBUG\MINISTREL.OBJ
C:\USERS\MARO\DESKTOP\TALISMAN_GAME.GIT\TRUNK\TALISMAN_GAME\DEBUG\MONK.OBJ
C:\Users\Maro\Desktop\talisman_game.git\trunk\Talisman_Game\Debug\mt.command.1.tlog
C:\Users\Maro\Desktop\talisman_game.git\trunk\Talisman_Game\Debug\mt.read.1.tlog
C:\Users\Maro\Desktop\talisman_game.git\trunk\Talisman_Game\Debug\mt.read.2.tlog
C:\Users\Maro\Desktop\talisman_game.git\trunk\Talisman_Game\Debug\mt.write.1.tlog
C:\USERS\MARO\DESKTOP\TALISMAN_GAME.GIT\TRUNK\TALISMAN_GAME\DEBUG\OASIS.OBJ
C:\USERS\MARO\DESKTOP\TALISMAN_GAME.GIT\TRUNK\TALISMAN_GAME\DEBUG\OGRE.OBJ
C:\USERS\MARO\DESKTOP\TALISMAN_GAME.GIT\TRUNK\TALISMAN_GAME\DEBUG\PITS.OBJ
C:\USERS\MARO\DESKTOP\TALISMAN_GAME.GIT\TRUNK\TALISMAN_GAME\DEBUG\PLAINOFPERIL.OBJ
C:\USERS\MARO\DESKTOP\TALISMAN_GAME.GIT\TRUNK\TALISMAN_GAME\DEBUG\PLAINS.OBJ
C:\USERS\MARO\DESKTOP\TALISMAN_GAME.GIT\TRUNK\TALISMAN_GAME\DEBUG\PLAYER.OBJ
C:\USERS\MARO\DESKTOP\TALISMAN_GAME.GIT\TRUNK\TALISMAN_GAME\DEBUG\PORTALOFPOWER.OBJ
C:\USERS\MARO\DESKTOP\TALISMAN_GAME.GIT\TRUNK\TALISMAN_GAME\DEBUG\PRIEST.OBJ
C:\USERS\MARO\DESKTOP\TALISMAN_GAME.GIT\TRUNK\TALISMAN_GAME\DEBUG\PROPHETESS.OBJ
C:\USERS\MARO\DESKTOP\TALISMAN_GAME.GIT\TRUNK\TALISMAN_GAME\DEBUG\REGION.OBJ
C:\USERS\MARO\DESKTOP\TALISMAN_GAME.GIT\TRUNK\TALISMAN_GAME\DEBUG\RUINS.OBJ
C:\USERS\MARO\DESKTOP\TALISMAN_GAME.GIT\TRUNK\TALISMAN_GAME\DEBUG\RUNES.OBJ
C:\USERS\MARO\DESKTOP\TALISMAN_GAME.GIT\TRUNK\TALISMAN_GAME\DEBUG\SENTINEL.OBJ
C:\USERS\MARO\DESKTOP\TALISMAN_GAME.GIT\TRUNK\TALISMAN_GAME\DEBUG\SERPENT.OBJ
C:\USERS\MARO\DESKTOP\TALISMAN_GAME.GIT\TRUNK\TALISMAN_GAME\DEBUG\SHADOW.OBJ
C:\USERS\MARO\DESKTOP\TALISMAN_GAME.GIT\TRUNK\TALISMAN_GAME\DEBUG\SORCERESS.OBJ
C:\USERS\MARO\DESKTOP\TALISMAN_GAME.GIT\TRUNK\TALISMAN_GAME\DEBUG\SPECTRE.OBJ
C:\USERS\MARO\DESKTOP\TALISMAN_GAME.GIT\TRUNK\TALISMAN_GAME\DEBUG\TALISMAN_GAME.EXE.INTERMEDIATE.MANIFEST
C:\Users\Maro\Desktop\talisman_game.git\trunk\Talisman_Game\Debug\Talisman_Game.vcxprojResolveAssemblyReference.cache
C:\Users\Maro\Desktop\talisman_game.git\trunk\Talisman_Game\Debug\Talisman_Game.write.1.tlog
C:\USERS\MARO\DESKTOP\TALISMAN_GAME.GIT\TRUNK\TALISMAN_GAME\DEBUG\TAVERN.OBJ
C:\USERS\MARO\DESKTOP\TALISMAN_GAME.GIT\TRUNK\TALISMAN_GAME\DEBUG\TEMPLE.OBJ
C:\USERS\MARO\DESKTOP\TALISMAN_GAME.GIT\TRUNK\TALISMAN_GAME\DEBUG\THIEF.OBJ
C:\USERS\MARO\DESKTOP\TALISMAN_GAME.GIT\TRUNK\TALISMAN_GAME\DEBUG\TROLL.OBJ
C:\USERS\MARO\DESKTOP\TALISMAN_GAME.GIT\TRUNK\TALISMAN_GAME\DEBUG\VALLEYOFFIRE.OBJ
C:\USERS\MARO\DESKTOP\TALISMAN_GAME.GIT\TRUNK\TALISMAN_GAME\DEBUG\VAMPIRESTOWER.OBJ
C:\Users\Maro\Desktop\talisman_game.git\trunk\Talisman_Game\Debug\vc100.idb
C:\USERS\MARO\DESKTOP\TALISMAN_GAME.GIT\TRUNK\TALISMAN_GAME\DEBUG\VC100.PDB
C:\USERS\MARO\DESKTOP\TALISMAN_GAME.GIT\TRUNK\TALISMAN_GAME\DEBUG\VILLAGE.OBJ
C:\USERS\MARO\DESKTOP\TALISMAN_GAME.GIT\TRUNK\TALISMAN_GAME\DEBUG\WARLOCKSCAVE.OBJ
C:\USERS\MARO\DESKTOP\TALISMAN_GAME.GIT\TRUNK\TALISMAN_GAME\DEBUG\WARRIOR.OBJ
C:\USERS\MARO\DESKTOP\TALISMAN_GAME.GIT\TRUNK\TALISMAN_GAME\DEBUG\WEREWOLFDEN.OBJ
C:\USERS\MARO\DESKTOP\TALISMAN_GAME.GIT\TRUNK\TALISMAN_GAME\DEBUG\WILDBOAR.OBJ
C:\USERS\MARO\DESKTOP\TALISMAN_GAME.GIT\TRUNK\TALISMAN_GAME\DEBUG\WIZARD.OBJ
C:\USERS\MARO\DESKTOP\TALISMAN_GAME.GIT\TRUNK\TALISMAN_GAME\DEBUG\WOLF.OBJ
C:\USERS\MARO\DESKTOP\TALISMAN_GAME.GIT\TRUNK\TALISMAN_GAME\DEBUG\WOODS.OBJ
C:\USERS\MARO\DESKTOP\TALISMAN_GAME.GIT\TRUNK\TALISMAN_GAME\DEBUG\WRAITH.OBJ
